INFO ะัะดะตะปัะตะผ ัะธัะธ ะดะปั 1C08,ASP32ALA,B... ๐
INFO CSM ะฟะพััะธัะฐะฝะฐ!
INFO ะฃัะฟะตั! ๐
INFO ะัะดะตะปัะตะผ ัะธัะธ ะดะปั 1C08,ASP32ASN,B... ๐
INFO CSM ะฟะพััะธัะฐะฝะฐ!
INFO ะฃัะฟะตั! ๐
INFO ะัะดะตะปัะตะผ ัะธัะธ ะดะปั 1C08,SER31ALA,B... ๐
INFO CSM ะฟะพััะธัะฐะฝะฐ!
INFO ะฃัะฟะตั! ๐
INFO ะัะดะตะปัะตะผ ัะธัะธ ะดะปั 1C08,TRP98ALA,B... ๐
INFO CSM ะฟะพััะธัะฐะฝะฐ!
INFO ะฃัะฟะตั! ๐
INFO ะัะดะตะปัะตะผ ัะธัะธ ะดะปั 1C08,TRP98PHE,B... ๐
INFO CSM ะฟะพััะธัะฐะฝะฐ!
INFO ะฃัะฟะตั! ๐
INFO ะัะดะตะปัะตะผ ัะธัะธ ะดะปั 1C08,TYR33ALA,B... ๐
INFO CSM ะฟะพััะธัะฐะฝะฐ!
INFO ะฃัะฟะตั! ๐
INFO ะัะดะตะปัะตะผ ัะธัะธ ะดะปั 1C08,TYR33LEU,B... ๐
INFO CSM ะฟะพััะธัะฐะฝะฐ!
INFO ะฃัะฟะตั! ๐
INFO ะัะดะตะปัะตะผ ัะธัะธ ะดะปั 1C08,TYR33PHE,B... ๐
INFO CSM ะฟะพััะธัะฐะฝะฐ!
INFO ะฃัะฟะตั! ๐
INFO ะัะดะตะปัะตะผ ัะธัะธ ะดะปั 1C08,TYR33TRP,B... ๐
INFO CSM ะฟะพััะธัะฐะฝะฐ!
INFO ะฃัะฟะตั! ๐
INFO ะัะดะตะปัะตะผ ัะธัะธ ะดะปั 1C08,TYR50ALA,B... ๐
INFO CSM ะฟะพััะธัะฐะฝะฐ!
INFO ะฃัะฟะตั! ๐
INFO ะัะดะตะปัะตะผ ัะธัะธ ะดะปั 1C08,TYR50LEU,B... ๐
INFO CSM ะฟะพััะธัะฐะฝะฐ!
INFO ะฃัะฟะตั! ๐
INFO ะัะดะตะปัะตะผ ัะธัะธ ะดะปั 1C08,TYR50PHE,B... ๐
INFO CSM ะฟะพััะธัะฐะฝะฐ!
INFO ะฃัะฟะตั! ๐
INFO ะัะดะตะปัะตะผ ัะธัะธ ะดะปั 1C08,TYR53ALA,B... ๐
INFO CSM ะฟะพััะธัะฐะฝะฐ!
INFO ะฃัะฟะตั! ๐
INFO ะัะดะตะปัะตะผ ัะธัะธ ะดะปั 1C08,TYR53LEU,B... ๐
INFO CSM ะฟะพััะธัะฐะฝะฐ!
INFO ะฃัะฟะตั! ๐
INFO ะัะดะตะปัะตะผ ัะธัะธ ะดะปั 1C08,TYR53PHE,B... ๐
INFO CSM ะฟะพััะธัะฐะฝะฐ!
INFO ะฃัะฟะตั! ๐
INFO ะัะดะตะปัะตะผ ัะธัะธ ะดะปั 1C08,TYR53TRP,B... ๐
INFO CSM ะฟะพััะธัะฐะฝะฐ!
INFO ะฃัะฟะตั! ๐
INFO ะัะดะตะปัะตะผ ัะธัะธ ะดะปั 1C08,TYR58ALA,B... ๐
INFO CSM ะฟะพััะธัะฐะฝะฐ!
INFO ะฃัะฟะตั! ๐
INFO ะัะดะตะปัะตะผ ัะธัะธ ะดะปั 1C08,TYR58LEU,B... ๐
INFO CSM ะฟะพััะธัะฐะฝะฐ!
INFO ะฃัะฟะตั! ๐
INFO ะัะดะตะปัะตะผ ัะธัะธ ะดะปั 1C08,TYR58PHE,B... ๐
INFO CSM ะฟะพััะธัะฐะฝะฐ!
INFO ะฃัะฟะตั! ๐
INFO ะัะดะตะปัะตะผ ัะธัะธ ะดะปั 1C08,ASN31ALA,A... ๐
INFO CSM ะฟะพััะธัะฐะฝะฐ!
INFO ะฃัะฟะตั! ๐
INFO ะัะดะตะปัะตะผ ัะธัะธ ะดะปั 1C08,ASN31ASP,A... ๐
INFO CSM ะฟะพััะธัะฐะฝะฐ!
INFO ะฃัะฟะตั! ๐
INFO ะัะดะตะปัะตะผ ัะธัะธ ะดะปั 1C08,ASN31GLU,A... ๐
INFO CSM ะฟะพััะธัะฐะฝะฐ!
INFO ะฃัะฟะตั! ๐
INFO ะัะดะตะปัะตะผ ัะธัะธ ะดะปั 1C08,ASN32ALA,A... ๐
INFO CSM ะฟะพััะธัะฐะฝะฐ!
INFO ะฃัะฟะตั! ๐
INFO ะัะดะตะปัะตะผ ัะธัะธ ะดะปั 1C08,ASN32ASP,A... ๐
INFO CSM ะฟะพััะธัะฐะฝะฐ!
INFO ะฃัะฟะตั! ๐
INFO ะัะดะตะปัะตะผ ัะธัะธ ะดะปั 1C08,ASN92ASP,A... ๐
INFO CSM ะฟะพััะธัะฐะฝะฐ!
INFO ะฃัะฟะตั! ๐
INFO ะัะดะตะปัะตะผ ัะธัะธ ะดะปั 1C08,GLN53ALA,A... ๐
INFO CSM ะฟะพััะธัะฐะฝะฐ!
INFO ะฃัะฟะตั! ๐
INFO ะัะดะตะปัะตะผ ัะธัะธ ะดะปั 1C08,SER91ALA,A... ๐
INFO CSM ะฟะพััะธัะฐะฝะฐ!
INFO ะฃัะฟะตั! ๐
INFO ะัะดะตะปัะตะผ ัะธัะธ ะดะปั 1C08,SER93ALA,A... ๐
INFO CSM ะฟะพััะธัะฐะฝะฐ!
INFO ะฃัะฟะตั! ๐
INFO ะัะดะตะปัะตะผ ัะธัะธ ะดะปั 1C08,TYR50ALA,A... ๐
INFO CSM ะฟะพััะธัะฐะฝะฐ!
INFO ะฃัะฟะตั! ๐
INFO ะัะดะตะปัะตะผ ัะธัะธ ะดะปั 1C08,TYR50LEU,A... ๐
INFO CSM ะฟะพััะธัะฐะฝะฐ!
INFO ะฃัะฟะตั! ๐
INFO ะัะดะตะปัะตะผ ัะธัะธ ะดะปั 1C08,TYR50PHE,A... ๐
INFO CSM ะฟะพััะธัะฐะฝะฐ!
INFO ะฃัะฟะตั! ๐
INFO ะัะดะตะปัะตะผ ัะธัะธ ะดะปั 1C08,TYR96ALA,A... ๐
INFO CSM ะฟะพััะธัะฐะฝะฐ!
INFO ะฃัะฟะตั! ๐
INFO ะัะดะตะปัะตะผ ัะธัะธ ะดะปั 1C08,TYR96PHE,A... ๐
INFO CSM ะฟะพััะธัะฐะฝะฐ!
INFO ะฃัะฟะตั! ๐
